<?xml version="1.0" encoding="UTF-8"?>
<!-- Generated by org.testng.reporters.JUnitXMLReporter -->
<testsuite hostname="SATISH" failures="0" tests="3" name="Default test" time="0.052" errors="0" timestamp="21 Jun 2023 06:05:05 GMT">
  <testcase classname="TestNG.Simpletestng" name="Modifycontact" time="0.015"/>
  <testcase classname="TestNG.Simpletestng" name="createContact" time="0.003"/>
  <testcase classname="TestNG.Simpletestng" name="deleteContact" time="0.002"/>
</testsuite> <!-- Default test -->
