<?xml version="1.0" encoding="UTF-8"?>
<testng-results total="3" passed="3" failed="0" skipped="0">
  <reporter-output>
  </reporter-output>
  <suite started-at="2023-06-21T06:05:05Z" name="Default suite" finished-at="2023-06-21T06:05:05Z" duration-ms="52">
    <groups>
    </groups>
    <test started-at="2023-06-21T06:05:05Z" name="Default test" finished-at="2023-06-21T06:05:05Z" duration-ms="52">
      <class name="TestNG.Simpletestng">
        <test-method signature="Modifycontact()[pri:0, instance:TestNG.Simpletestng@302c971f]" started-at="2023-06-21T11:35:05Z" name="Modifycontact" finished-at="2023-06-21T11:35:05Z" duration-ms="15" status="PASS">
          <reporter-output>
          </reporter-output>
        </test-method> <!-- Modifycontact -->
        <test-method signature="createContact()[pri:0, instance:TestNG.Simpletestng@302c971f]" started-at="2023-06-21T11:35:05Z" name="createContact" finished-at="2023-06-21T11:35:05Z" duration-ms="3" status="PASS">
          <reporter-output>
          </reporter-output>
        </test-method> <!-- createContact -->
        <test-method signature="deleteContact()[pri:0, instance:TestNG.Simpletestng@302c971f]" started-at="2023-06-21T11:35:05Z" name="deleteContact" finished-at="2023-06-21T11:35:05Z" duration-ms="2" status="PASS">
          <reporter-output>
          </reporter-output>
        </test-method> <!-- deleteContact -->
      </class> <!-- TestNG.Simpletestng -->
    </test> <!-- Default test -->
  </suite> <!-- Default suite -->
</testng-results>
